PgDriverTests
┌─────────┬──────────────────────────┬───────────────────────────────────────────────────────────────────────────┬────────┬───────────────┬────────────────┬─────────────────────────────────────────────────────────────────────────────────────────────────────────────────────────────┬──────┐
│ Test ID │           Name           │                                Description                                │ Status │  Suite Name   │  Error Class   │                                                        Error Message                                                        │ Time │
├─────────┼──────────────────────────┼───────────────────────────────────────────────────────────────────────────┼────────┼───────────────┼────────────────┼─────────────────────────────────────────────────────────────────────────────────────────────────────────────────────────────┼──────┤
│    0    │ Create Table in Postgres │ Make sure driver is capable of getting right results when creating tables │ FAILED │ PgDriverTests │ AssertionError │ Values are not equal:    [Diff] Actual / Expected-   'db error: ERROR: relation "users_id_seq" already exists'+   undefined │ 7ms  │
│    1    │     Insert in table      │       Inserts data in the table previously created with parameters        │   Ok   │ PgDriverTests │       -        │                                                              -                                                              │ 3ms  │
│    2    │  Query records & Delete  │                   Select from users table & then delete                   │   Ok   │ PgDriverTests │       -        │                                                              -                                                              │ 6ms  │
└─────────┴──────────────────────────┴───────────────────────────────────────────────────────────────────────────┴────────┴───────────────┴────────────────┴─────────────────────────────────────────────────────────────────────────────────────────────────────────────────────────────┴──────┘



| Total Tests: 3 |  Ran: 3 | Ignored: 0 | Passed: 2 | Failed: 1 |