AppBuilderIntgTest
┌─────────┬────────────────────────────────────────────┬─────────────────────────────────┬────────┬────────────────────┬─────────────┬───────────────────────────────────────────────────────────────────────────────────────────────────────────────────────────────────────────┬─────────┐
│ Test ID │                    Name                    │           Description           │ Status │     Suite Name     │ Error Class │                                                               Error Message                                                               │  Time   │
├─────────┼────────────────────────────────────────────┼─────────────────────────────────┼────────┼────────────────────┼─────────────┼───────────────────────────────────────────────────────────────────────────────────────────────────────────────────────────────────────────┼─────────┤
│    0    │ Integration test for automatic build & run │ Check it works in windows & mac │ FAILED │ AppBuilderIntgTest │  TypeError  │ error sending request for url (http://localhost:1999/hello): error trying to connect: tcp connect error: Connection refused (os error 61) │ 50015ms │
└─────────┴────────────────────────────────────────────┴─────────────────────────────────┴────────┴────────────────────┴─────────────┴───────────────────────────────────────────────────────────────────────────────────────────────────────────────────────────────────────────┴─────────┘



| Total Tests: 1 |  Ran: 1 | Ignored: 0 | Passed: 0 | Failed: 1 |